{
  "stats": {
    "suites": 1,
    "tests": 6,
    "passes": 6,
    "pending": 0,
    "failures": 0,
    "start": "2021-10-07T19:13:08.322Z",
    "end": "2021-10-07T19:13:27.996Z",
    "duration": 19674,
    "testsRegistered": 6,
    "passPercent": 100,
    "pendingPercent": 0,
    "other": 0,
    "hasOther": false,
    "skipped": 0,
    "hasSkipped": false
  },
  "results": [
    {
      "uuid": "82bbf829-6c9f-42fe-bf44-668aaead748b",
      "title": "",
      "fullFile": "cypress/integration/login/login.js",
      "file": "cypress/integration/login/login.js",
      "beforeHooks": [],
      "afterHooks": [],
      "tests": [],
      "suites": [
        {
          "uuid": "5d64a9c3-257e-4ef4-b0c5-0d7642fee5df",
          "title": "Guess User logs in the system",
          "fullFile": "",
          "file": "",
          "beforeHooks": [],
          "afterHooks": [],
          "tests": [
            {
              "title": "Guess user logs in the system successfully",
              "fullTitle": "Guess User logs in the system Guess user logs in the system successfully",
              "timedOut": null,
              "duration": 1690,
              "state": "passed",
              "speed": "slow",
              "pass": true,
              "fail": false,
              "pending": false,
              "context": null,
              "code": "cy.loginNoToken().wait(500);\ncy.url().should('not.include', 'login');\ncy.getCookie('token').should('exist');",
              "err": {},
              "uuid": "bde2e19b-b015-4900-be97-5782f096bcc6",
              "parentUUID": "5d64a9c3-257e-4ef4-b0c5-0d7642fee5df",
              "isHook": false,
              "skipped": false
            },
            {
              "title": "User views password on login page",
              "fullTitle": "Guess User logs in the system User views password on login page",
              "timedOut": null,
              "duration": 672,
              "state": "passed",
              "speed": "slow",
              "pass": true,
              "fail": false,
              "pending": false,
              "context": null,
              "code": "cy.get('#password').type('123456');\ncy.get('#password+i').click();\ncy.get('#password').should('have.attr', 'type', 'text');\ncy.get('#password+i').click();\ncy.get('#password').should('have.attr', 'type', 'password');",
              "err": {},
              "uuid": "68710ca6-fb33-4247-9390-5409672895bc",
              "parentUUID": "5d64a9c3-257e-4ef4-b0c5-0d7642fee5df",
              "isHook": false,
              "skipped": false
            },
            {
              "title": "[Negative] Guest user doesn't fill email field",
              "fullTitle": "Guess User logs in the system [Negative] Guest user doesn't fill email field",
              "timedOut": null,
              "duration": 4006,
              "state": "passed",
              "speed": "slow",
              "pass": true,
              "fail": false,
              "pending": false,
              "context": null,
              "code": "cy.intercept('POST', 'http://127.0.0.1:3000/login_user').as('getResp');\ncy.get('#password').type(data.password);\ncy.contains('button', 'Log in').click();\ncy.wait('@getResp').then(data => {\n  expect(data.response.body.code).eq(400);\n  cy.flashMessage('Please fill all fields');\n});",
              "err": {},
              "uuid": "29f6df57-c6bf-421f-ad6f-3c83ecfe51a3",
              "parentUUID": "5d64a9c3-257e-4ef4-b0c5-0d7642fee5df",
              "isHook": false,
              "skipped": false
            },
            {
              "title": "[Negative] Guest user doesn't fill password field",
              "fullTitle": "Guess User logs in the system [Negative] Guest user doesn't fill password field",
              "timedOut": null,
              "duration": 4357,
              "state": "passed",
              "speed": "slow",
              "pass": true,
              "fail": false,
              "pending": false,
              "context": null,
              "code": "cy.intercept('POST', 'http://127.0.0.1:3000/login_user').as('getResp');\ncy.get('#email').type(data.email);\ncy.contains('button', 'Log in').click();\ncy.wait('@getResp').then(data => {\n  expect(data.response.body.code).eq(400);\n  cy.flashMessage('Please fill all fields');\n});",
              "err": {},
              "uuid": "509e1ec8-80a4-4d50-b70f-1fbe44e81d71",
              "parentUUID": "5d64a9c3-257e-4ef4-b0c5-0d7642fee5df",
              "isHook": false,
              "skipped": false
            },
            {
              "title": "[Negative] Guest user uses unregistered email",
              "fullTitle": "Guess User logs in the system [Negative] Guest user uses unregistered email",
              "timedOut": null,
              "duration": 4346,
              "state": "passed",
              "speed": "slow",
              "pass": true,
              "fail": false,
              "pending": false,
              "context": null,
              "code": "cy.intercept('POST', 'http://127.0.0.1:3000/login_user').as('getResp');\ncy.loginFillFields(data.unregisteredEmail, data.password);\ncy.wait('@getResp').then(data => {\n  expect(data.response.body.code).eq(401);\n  cy.flashMessage('Incorrect password or login');\n});",
              "err": {},
              "uuid": "171cb314-525b-4863-8f14-24e17d7c0bec",
              "parentUUID": "5d64a9c3-257e-4ef4-b0c5-0d7642fee5df",
              "isHook": false,
              "skipped": false
            },
            {
              "title": "[Negative] Guest user uses incorrect password",
              "fullTitle": "Guess User logs in the system [Negative] Guest user uses incorrect password",
              "timedOut": null,
              "duration": 4444,
              "state": "passed",
              "speed": "slow",
              "pass": true,
              "fail": false,
              "pending": false,
              "context": null,
              "code": "cy.intercept('POST', 'http://127.0.0.1:3000/login_user').as('getResp');\ncy.loginFillFields(data.email, '5');\ncy.wait('@getResp').then(data => {\n  expect(data.response.body.code).eq(401);\n  cy.flashMessage('Incorrect password or login');\n});",
              "err": {},
              "uuid": "5545360c-7dc6-4c41-9ea9-37544d299adf",
              "parentUUID": "5d64a9c3-257e-4ef4-b0c5-0d7642fee5df",
              "isHook": false,
              "skipped": false
            }
          ],
          "suites": [],
          "passes": [
            "bde2e19b-b015-4900-be97-5782f096bcc6",
            "68710ca6-fb33-4247-9390-5409672895bc",
            "29f6df57-c6bf-421f-ad6f-3c83ecfe51a3",
            "509e1ec8-80a4-4d50-b70f-1fbe44e81d71",
            "171cb314-525b-4863-8f14-24e17d7c0bec",
            "5545360c-7dc6-4c41-9ea9-37544d299adf"
          ],
          "failures": [],
          "pending": [],
          "skipped": [],
          "duration": 19515,
          "root": false,
          "rootEmpty": false,
          "_timeout": 2000
        }
      ],
      "passes": [],
      "failures": [],
      "pending": [],
      "skipped": [],
      "duration": 0,
      "root": true,
      "rootEmpty": true,
      "_timeout": 2000
    }
  ],
  "meta": {
    "mocha": {
      "version": "7.0.1"
    },
    "mochawesome": {
      "options": {
        "quiet": false,
        "reportFilename": "mochawesome",
        "saveHtml": false,
        "saveJson": true,
        "consoleReporter": "spec",
        "useInlineDiffs": false,
        "code": true
      },
      "version": "6.3.1"
    },
    "marge": {
      "options": {
        "id": "default",
        "reportDir": "cypress/results/mochawesome",
        "quite": true,
        "overwrite": false,
        "html": false,
        "json": true
      },
      "version": "5.2.0"
    }
  }
}