{
  "stats": {
    "suites": 1,
    "tests": 1,
    "passes": 1,
    "pending": 0,
    "failures": 0,
    "start": "2021-10-07T19:13:03.928Z",
    "end": "2021-10-07T19:13:05.002Z",
    "duration": 1074,
    "testsRegistered": 1,
    "passPercent": 100,
    "pendingPercent": 0,
    "other": 0,
    "hasOther": false,
    "skipped": 0,
    "hasSkipped": false
  },
  "results": [
    {
      "uuid": "7115e23f-defc-4a7d-86d0-c3aa33b893fb",
      "title": "",
      "fullFile": "cypress/integration/friend_data/show_friends.js",
      "file": "cypress/integration/friend_data/show_friends.js",
      "beforeHooks": [],
      "afterHooks": [],
      "tests": [],
      "suites": [
        {
          "uuid": "7fa4a74a-a37c-406d-91b3-dde6376a730d",
          "title": "Show all friends in app",
          "fullFile": "",
          "file": "",
          "beforeHooks": [],
          "afterHooks": [],
          "tests": [
            {
              "title": "User gets all friends in show all tab",
              "fullTitle": "Show all friends in app User gets all friends in show all tab",
              "timedOut": null,
              "duration": 1002,
              "state": "passed",
              "speed": "slow",
              "pass": true,
              "fail": false,
              "pending": false,
              "context": null,
              "code": "cy.request({\n  method: 'GET',\n  url: 'http://127.0.0.1:3000/show_users'\n}).then(res => {\n  const data = [];\n  let dataArr = [];\n  for (let i in res.body) {\n    let temp = Object.values(res.body[i]);\n    dataArr.push(temp[1], temp[2], temp[3]);\n  }\n  cy.contains('button', 'Show all friends').click();\n  cy.get('.table-wrap td').each((el, index) => {\n    data.push(el.text());\n  }).then(() => {\n    for (let i = 0; i < data.length; i++) {\n      expect(data[i]).eq(String(dataArr[i]));\n    }\n  });\n});",
              "err": {},
              "uuid": "1ea1b3c6-7303-47dc-baba-3ce9a39fbe07",
              "parentUUID": "7fa4a74a-a37c-406d-91b3-dde6376a730d",
              "isHook": false,
              "skipped": false
            }
          ],
          "suites": [],
          "passes": [
            "1ea1b3c6-7303-47dc-baba-3ce9a39fbe07"
          ],
          "failures": [],
          "pending": [],
          "skipped": [],
          "duration": 1002,
          "root": false,
          "rootEmpty": false,
          "_timeout": 2000
        }
      ],
      "passes": [],
      "failures": [],
      "pending": [],
      "skipped": [],
      "duration": 0,
      "root": true,
      "rootEmpty": true,
      "_timeout": 2000
    }
  ],
  "meta": {
    "mocha": {
      "version": "7.0.1"
    },
    "mochawesome": {
      "options": {
        "quiet": false,
        "reportFilename": "mochawesome",
        "saveHtml": false,
        "saveJson": true,
        "consoleReporter": "spec",
        "useInlineDiffs": false,
        "code": true
      },
      "version": "6.3.1"
    },
    "marge": {
      "options": {
        "id": "default",
        "reportDir": "cypress/results/mochawesome",
        "quite": true,
        "overwrite": false,
        "html": false,
        "json": true
      },
      "version": "5.2.0"
    }
  }
}