{
  "stats": {
    "suites": 1,
    "tests": 2,
    "passes": 2,
    "pending": 0,
    "failures": 0,
    "start": "2021-10-07T19:11:53.635Z",
    "end": "2021-10-07T19:12:12.753Z",
    "duration": 19118,
    "testsRegistered": 2,
    "passPercent": 100,
    "pendingPercent": 0,
    "other": 0,
    "hasOther": false,
    "skipped": 0,
    "hasSkipped": false
  },
  "results": [
    {
      "uuid": "a16f1963-a91c-4531-b5ec-707721852bd0",
      "title": "",
      "fullFile": "cypress/integration/friend_data/add_friend.js",
      "file": "cypress/integration/friend_data/add_friend.js",
      "beforeHooks": [],
      "afterHooks": [],
      "tests": [],
      "suites": [
        {
          "uuid": "3e501465-b236-4fa7-a77a-6637c327c416",
          "title": "User adds a friend",
          "fullFile": "",
          "file": "",
          "beforeHooks": [],
          "afterHooks": [],
          "tests": [
            {
              "title": "User adds a new friend successfully",
              "fullTitle": "User adds a friend User adds a new friend successfully",
              "timedOut": null,
              "duration": 5273,
              "state": "passed",
              "speed": "slow",
              "pass": true,
              "fail": false,
              "pending": false,
              "context": null,
              "code": "const userData = [data.user.name[Math.floor(Math.random() * 5)], data.user.age[Math.floor(Math.random() * 5)], data.user.hobby[Math.floor(Math.random() * 5)]];\ncy.intercept('http://127.0.0.1:3000/add_user').as('addUser');\ncy.get('.add_friend input').eq(0).type(userData[0]);\ncy.get('.add_friend input').eq(1).type(userData[1]);\ncy.get('.add_friend input').eq(2).type(userData[2]);\ncy.contains('.add_friend button', 'Add a friend').click();\ncy.flashMessage('Friend was added');\ncy.wait('@addUser').then(res => {\n  expect(res.response.body.code).eq(201);\n});\ncy.request({\n  method: 'GET',\n  url: 'http://127.0.0.1:3000/show_users'\n}).then(res => {\n  const newData = res.body[res.body.length - 1];\n  expect(newData.name).eq(userData[0]);\n  expect(newData.age).eq(userData[1]);\n  expect(newData.hobby).eq(userData[2]); // Postcondition\n  cy.deleteTempUser(newData.id);\n});",
              "err": {},
              "uuid": "e0cd13eb-285a-4027-a9bd-a70bea3e0768",
              "parentUUID": "3e501465-b236-4fa7-a77a-6637c327c416",
              "isHook": false,
              "skipped": false
            },
            {
              "title": "[Negative] Empty fields verification",
              "fullTitle": "User adds a friend [Negative] Empty fields verification",
              "timedOut": null,
              "duration": 13774,
              "state": "passed",
              "speed": "slow",
              "pass": true,
              "fail": false,
              "pending": false,
              "context": null,
              "code": "cy.get('.add_friend input').eq(0).type('lorem');\ncy.get('.add_friend input').eq(1).type('25');\ncy.get('.add_friend input').eq(2).type('lorem');\ncy.intercept('http://127.0.0.1:3000/add_user').as('addUser');\ncy.get('.add_friend input').each(el => {\n  cy.wrap(el).clear();\n  cy.contains('.add_friend button', 'Add a friend').click();\n  cy.flashMessage('Please fill all fields');\n  cy.wait('@addUser').then(res => {\n    expect(res.response.body.code).eq(400);\n    cy.wrap(el).type('lorem');\n  });\n});",
              "err": {},
              "uuid": "a2a12cb1-ac7b-4c4e-9488-03764569e725",
              "parentUUID": "3e501465-b236-4fa7-a77a-6637c327c416",
              "isHook": false,
              "skipped": false
            }
          ],
          "suites": [],
          "passes": [
            "e0cd13eb-285a-4027-a9bd-a70bea3e0768",
            "a2a12cb1-ac7b-4c4e-9488-03764569e725"
          ],
          "failures": [],
          "pending": [],
          "skipped": [],
          "duration": 19047,
          "root": false,
          "rootEmpty": false,
          "_timeout": 2000
        }
      ],
      "passes": [],
      "failures": [],
      "pending": [],
      "skipped": [],
      "duration": 0,
      "root": true,
      "rootEmpty": true,
      "_timeout": 2000
    }
  ],
  "meta": {
    "mocha": {
      "version": "7.0.1"
    },
    "mochawesome": {
      "options": {
        "quiet": false,
        "reportFilename": "mochawesome",
        "saveHtml": false,
        "saveJson": true,
        "consoleReporter": "spec",
        "useInlineDiffs": false,
        "code": true
      },
      "version": "6.3.1"
    },
    "marge": {
      "options": {
        "id": "default",
        "reportDir": "cypress/results/mochawesome",
        "quite": true,
        "overwrite": false,
        "html": false,
        "json": true
      },
      "version": "5.2.0"
    }
  }
}