{
  "stats": {
    "suites": 1,
    "tests": 5,
    "passes": 5,
    "pending": 0,
    "failures": 0,
    "start": "2021-10-07T19:12:18.342Z",
    "end": "2021-10-07T19:12:42.888Z",
    "duration": 24546,
    "testsRegistered": 5,
    "passPercent": 100,
    "pendingPercent": 0,
    "other": 0,
    "hasOther": false,
    "skipped": 0,
    "hasSkipped": false
  },
  "results": [
    {
      "uuid": "b8a6be3c-3553-45df-b859-edbd8f006b67",
      "title": "",
      "fullFile": "cypress/integration/friend_data/edit_friend.js",
      "file": "cypress/integration/friend_data/edit_friend.js",
      "beforeHooks": [],
      "afterHooks": [],
      "tests": [],
      "suites": [
        {
          "uuid": "4a5d2efc-6f77-4a49-b4d1-de360f402d4d",
          "title": "User edits info about friend",
          "fullFile": "",
          "file": "",
          "beforeHooks": [],
          "afterHooks": [],
          "tests": [
            {
              "title": "User chooses a friend",
              "fullTitle": "User edits info about friend User chooses a friend",
              "timedOut": null,
              "duration": 698,
              "state": "passed",
              "speed": "slow",
              "pass": true,
              "fail": false,
              "pending": false,
              "context": null,
              "code": "cy.getAllUsers().then(res => {\n  const nameArr = res.map(item => item.name);\n  cy.get('.change-name-friend .name-choose').each((el, index) => {\n    expect(el.text()).eq(nameArr[index]);\n  });\n});",
              "err": {},
              "uuid": "c193dd35-ca73-4ebb-88da-4d95897fd9de",
              "parentUUID": "4a5d2efc-6f77-4a49-b4d1-de360f402d4d",
              "isHook": false,
              "skipped": false
            },
            {
              "title": "User views info after choosing a friend",
              "fullTitle": "User edits info about friend User views info after choosing a friend",
              "timedOut": null,
              "duration": 514,
              "state": "passed",
              "speed": "slow",
              "pass": true,
              "fail": false,
              "pending": false,
              "context": null,
              "code": "cy.getAllUsers().then(res => {\n  let random = Math.floor(Math.random() * res.length);\n  const userData = [];\n  cy.get('.change-name-friend').click({\n    force: true\n  });\n  cy.get('.name-choose').eq(random).click({\n    force: true\n  });\n  cy.get('.change_friend input').each(el => userData.push(el.val())).then(() => {\n    expect(res[random].name).eq(userData[0]);\n    expect(String(res[random].age)).eq(userData[1]);\n    expect(res[random].hobby).eq(userData[2]);\n  });\n});",
              "err": {},
              "uuid": "ddab4e0e-ad04-40e0-9433-d82ebc2d3c1b",
              "parentUUID": "4a5d2efc-6f77-4a49-b4d1-de360f402d4d",
              "isHook": false,
              "skipped": false
            },
            {
              "title": "User edits info successfully",
              "fullTitle": "User edits info about friend User edits info successfully",
              "timedOut": null,
              "duration": 5396,
              "state": "passed",
              "speed": "slow",
              "pass": true,
              "fail": false,
              "pending": false,
              "context": null,
              "code": "cy.getAllUsers().then(res => {\n  let random = Math.floor(Math.random() * res.length);\n  let randomData = Math.floor(Math.random() * 5);\n  const oldUser = [res[random].name, res[random].age, res[random].hobby];\n  cy.intercept('PUT', 'http://127.0.0.1:3000/update_user').as('getResp');\n  cy.editFriend(random, data.user.name[randomData], data.user.age[randomData], data.user.hobby[randomData]);\n  cy.flashMessage('Data was changed');\n  cy.get('.change_friend input').each(el => {\n    cy.wrap(el).should('not.have.value');\n  });\n  cy.wait('@getResp').then(res => {\n    expect(res.response.body.code).eq(200);\n  });\n  cy.getAllUsers().then(user => {\n    expect(user[random].name).eq(data.user.name[randomData]);\n    expect(user[random].age).eq(data.user.age[randomData]);\n    expect(user[random].hobby).eq(data.user.hobby[randomData]); // Postcondition\n    cy.request({\n      method: 'PUT',\n      url: 'http://127.0.0.1:3000/update_user',\n      headers: {\n        'content-type': 'application/json'\n      },\n      body: {\n        userId: res[random].id,\n        name: oldUser[0],\n        age: oldUser[1],\n        hobby: oldUser[2]\n      }\n    });\n  });\n});",
              "err": {},
              "uuid": "7edc8826-4793-4f88-95d5-73e682a7fa61",
              "parentUUID": "4a5d2efc-6f77-4a49-b4d1-de360f402d4d",
              "isHook": false,
              "skipped": false
            },
            {
              "title": "[Negative] User doesn't choose a friend",
              "fullTitle": "User edits info about friend [Negative] User doesn't choose a friend",
              "timedOut": null,
              "duration": 4104,
              "state": "passed",
              "speed": "slow",
              "pass": true,
              "fail": false,
              "pending": false,
              "context": null,
              "code": "cy.intercept('PUT', 'http://127.0.0.1:3000/update_user').as('getRes');\ncy.contains('.change_friend button', 'Confirm').click();\ncy.flashMessage('Choose a friend');\ncy.wait('@getRes').then(res => {\n  expect(res.response.body.code).eq(400);\n});",
              "err": {},
              "uuid": "b5512e98-6ee1-483d-9881-dd3560b668a3",
              "parentUUID": "4a5d2efc-6f77-4a49-b4d1-de360f402d4d",
              "isHook": false,
              "skipped": false
            },
            {
              "title": "[Negative] Empty state validation",
              "fullTitle": "User edits info about friend [Negative] Empty state validation",
              "timedOut": null,
              "duration": 13709,
              "state": "passed",
              "speed": "slow",
              "pass": true,
              "fail": false,
              "pending": false,
              "context": null,
              "code": "cy.getAllUsers().then(res => {\n  let random = Math.floor(Math.random() * res.length);\n  cy.intercept('PUT', 'http://127.0.0.1:3000/update_user').as('getRes');\n  cy.get('.change_friend input').each((el, index) => {\n    cy.get('.change-name-friend').click({\n      force: true\n    });\n    cy.get('.name-choose').eq(random).click({\n      force: true\n    });\n    cy.wrap(el).clear({\n      force: true\n    });\n    cy.contains('.change_friend button', 'Confirm').click();\n    cy.flashMessage('Please fill all fields');\n    cy.wait('@getRes').then(res => {\n      expect(res.response.body.code).eq(400);\n    }); // Postcondition\n    cy.wrap(el).type('lorem');\n  });\n});",
              "err": {},
              "uuid": "65611ef2-4453-45d0-aad7-1db43be7ef31",
              "parentUUID": "4a5d2efc-6f77-4a49-b4d1-de360f402d4d",
              "isHook": false,
              "skipped": false
            }
          ],
          "suites": [],
          "passes": [
            "c193dd35-ca73-4ebb-88da-4d95897fd9de",
            "ddab4e0e-ad04-40e0-9433-d82ebc2d3c1b",
            "7edc8826-4793-4f88-95d5-73e682a7fa61",
            "b5512e98-6ee1-483d-9881-dd3560b668a3",
            "65611ef2-4453-45d0-aad7-1db43be7ef31"
          ],
          "failures": [],
          "pending": [],
          "skipped": [],
          "duration": 24421,
          "root": false,
          "rootEmpty": false,
          "_timeout": 2000
        }
      ],
      "passes": [],
      "failures": [],
      "pending": [],
      "skipped": [],
      "duration": 0,
      "root": true,
      "rootEmpty": true,
      "_timeout": 2000
    }
  ],
  "meta": {
    "mocha": {
      "version": "7.0.1"
    },
    "mochawesome": {
      "options": {
        "quiet": false,
        "reportFilename": "mochawesome",
        "saveHtml": false,
        "saveJson": true,
        "consoleReporter": "spec",
        "useInlineDiffs": false,
        "code": true
      },
      "version": "6.3.1"
    },
    "marge": {
      "options": {
        "id": "default",
        "reportDir": "cypress/results/mochawesome",
        "quite": true,
        "overwrite": false,
        "html": false,
        "json": true
      },
      "version": "5.2.0"
    }
  }
}