{
  "stats": {
    "suites": 1,
    "tests": 4,
    "passes": 4,
    "pending": 0,
    "failures": 0,
    "start": "2021-10-07T19:12:49.227Z",
    "end": "2021-10-07T19:12:59.579Z",
    "duration": 10352,
    "testsRegistered": 4,
    "passPercent": 100,
    "pendingPercent": 0,
    "other": 0,
    "hasOther": false,
    "skipped": 0,
    "hasSkipped": false
  },
  "results": [
    {
      "uuid": "ad692d27-91ba-4157-a2bb-1d37a49d46be",
      "title": "",
      "fullFile": "cypress/integration/friend_data/remove_friend.js",
      "file": "cypress/integration/friend_data/remove_friend.js",
      "beforeHooks": [],
      "afterHooks": [],
      "tests": [],
      "suites": [
        {
          "uuid": "c40ca955-9075-47c6-b1cc-f64fd2af4278",
          "title": "User removes a friend",
          "fullFile": "",
          "file": "",
          "beforeHooks": [],
          "afterHooks": [],
          "tests": [
            {
              "title": "User chooses a friend",
              "fullTitle": "User removes a friend User chooses a friend",
              "timedOut": null,
              "duration": 793,
              "state": "passed",
              "speed": "slow",
              "pass": true,
              "fail": false,
              "pending": false,
              "context": null,
              "code": "cy.getAllUsers().then(res => {\n  const userNames = res.map(item => item.name);\n  cy.get('.delete_friend .name-choose').each((el, index) => {\n    expect(el.text()).eq(userNames[index]);\n  });\n});",
              "err": {},
              "uuid": "a4d2ef20-4b21-4bfb-b880-770580ad57b5",
              "parentUUID": "c40ca955-9075-47c6-b1cc-f64fd2af4278",
              "isHook": false,
              "skipped": false
            },
            {
              "title": "User views info after choosing a friend",
              "fullTitle": "User removes a friend User views info after choosing a friend",
              "timedOut": null,
              "duration": 697,
              "state": "passed",
              "speed": "slow",
              "pass": true,
              "fail": false,
              "pending": false,
              "context": null,
              "code": "cy.getAllUsers().then(res => {\n  let random = Math.floor(Math.random() * res.length);\n  cy.get('.delete-name-friend').click({\n    force: true\n  });\n  cy.get('.delete-name-friend .name-choose').eq(random).click({\n    force: true\n  });\n  cy.get('.delete_friend td').eq(0).invoke('text').should('eq', res[random].name);\n  cy.get('.delete_friend td').eq(1).invoke('text').should('eq', String(res[random].age));\n  cy.get('.delete_friend td').eq(2).invoke('text').should('eq', res[random].hobby);\n});",
              "err": {},
              "uuid": "5a6da131-eca2-44a3-9353-6ec7eeda323d",
              "parentUUID": "c40ca955-9075-47c6-b1cc-f64fd2af4278",
              "isHook": false,
              "skipped": false
            },
            {
              "title": "User remove a friend successfully",
              "fullTitle": "User removes a friend User remove a friend successfully",
              "timedOut": null,
              "duration": 4557,
              "state": "passed",
              "speed": "slow",
              "pass": true,
              "fail": false,
              "pending": false,
              "context": null,
              "code": "cy.createTempUser().then(tempUserId => {\n  cy.reload();\n  cy.contains('.aside-list>li', 'Delete friends').click();\n  cy.getAllUsers().then(res => {\n    expect(res[res.length - 1].id).eq(tempUserId);\n  });\n  cy.intercept('DELETE', 'http://127.0.0.1:3000/remove_user').as('getRes');\n  cy.get('.delete-name-friend').click({\n    force: true\n  });\n  cy.get('.delete-name-friend .name-choose').last().click({\n    force: true\n  });\n  cy.contains('.delete_friend button', 'Delete a friend').click();\n  cy.flashMessage('Friend was removed');\n  cy.wait('@getRes').then(res => {\n    expect(res.response.body.code).eq(200);\n  });\n  cy.getAllUsers().then(res => {\n    const idArr = res.map(item => item.id);\n    expect(idArr.includes(tempUserId)).eq(false);\n  });\n});",
              "err": {},
              "uuid": "3e74e725-2068-4f0b-bc1c-202eeb8f0966",
              "parentUUID": "c40ca955-9075-47c6-b1cc-f64fd2af4278",
              "isHook": false,
              "skipped": false
            },
            {
              "title": "[Negative] User doesn't choose a friend",
              "fullTitle": "User removes a friend [Negative] User doesn't choose a friend",
              "timedOut": null,
              "duration": 4165,
              "state": "passed",
              "speed": "slow",
              "pass": true,
              "fail": false,
              "pending": false,
              "context": null,
              "code": "cy.intercept('DELETE', 'http://127.0.0.1:3000/remove_user').as('getRes');\ncy.contains('.delete_friend button', 'Delete a friend').click();\ncy.flashMessage('Choose a friend');\ncy.wait('@getRes').then(res => {\n  expect(res.response.body.code).eq(400);\n});",
              "err": {},
              "uuid": "025ae88c-b338-401c-8a30-cfef43556210",
              "parentUUID": "c40ca955-9075-47c6-b1cc-f64fd2af4278",
              "isHook": false,
              "skipped": false
            }
          ],
          "suites": [],
          "passes": [
            "a4d2ef20-4b21-4bfb-b880-770580ad57b5",
            "5a6da131-eca2-44a3-9353-6ec7eeda323d",
            "3e74e725-2068-4f0b-bc1c-202eeb8f0966",
            "025ae88c-b338-401c-8a30-cfef43556210"
          ],
          "failures": [],
          "pending": [],
          "skipped": [],
          "duration": 10212,
          "root": false,
          "rootEmpty": false,
          "_timeout": 2000
        }
      ],
      "passes": [],
      "failures": [],
      "pending": [],
      "skipped": [],
      "duration": 0,
      "root": true,
      "rootEmpty": true,
      "_timeout": 2000
    }
  ],
  "meta": {
    "mocha": {
      "version": "7.0.1"
    },
    "mochawesome": {
      "options": {
        "quiet": false,
        "reportFilename": "mochawesome",
        "saveHtml": false,
        "saveJson": true,
        "consoleReporter": "spec",
        "useInlineDiffs": false,
        "code": true
      },
      "version": "6.3.1"
    },
    "marge": {
      "options": {
        "id": "default",
        "reportDir": "cypress/results/mochawesome",
        "quite": true,
        "overwrite": false,
        "html": false,
        "json": true
      },
      "version": "5.2.0"
    }
  }
}